Arguments: 
  /opt/homebrew/Cellar/node/17.9.0/bin/node /opt/homebrew/Cellar/yarn/1.22.19/libexec/bin/yarn.js install

PATH: 
  /Users/suryavenkatapathi/.symfony/bin:/opt/homebrew/bin:/usr/local/bin:/usr/bin:/bin:/usr/sbin:/sbin:/Library/Apple/usr/bin

Yarn version: 
  1.22.19

Node version: 
  17.9.0

Platform: 
  darwin arm64

Trace: 
  Error: https://registry.yarnpkg.com/next: ESOCKETTIMEDOUT
      at ClientRequest.<anonymous> (/opt/homebrew/Cellar/yarn/1.22.19/libexec/lib/cli.js:141517:19)
      at Object.onceWrapper (node:events:641:28)
      at ClientRequest.emit (node:events:527:28)
      at TLSSocket.emitRequestTimeout (node:_http_client:771:9)
      at Object.onceWrapper (node:events:641:28)
      at TLSSocket.emit (node:events:539:35)
      at TLSSocket.Socket._onTimeout (node:net:522:8)
      at listOnTimeout (node:internal/timers:559:17)
      at processTimers (node:internal/timers:502:7)

npm manifest: 
  {
    "private": true,
    "scripts": {
      "dev": "next",
      "build": "next build",
      "start": "next start",
      "typecheck": "tsc"
    },
    "dependencies": {
      "classnames": "2.3.1",
      "date-fns": "2.21.3",
      "gray-matter": "4.0.3",
      "next": "latest",
      "react": "^17.0.2",
      "react-dom": "^17.0.2",
      "remark": "14.0.2",
      "remark-html": "15.0.1",
      "typescript": "^4.2.4"
    },
    "devDependencies": {
      "@types/jest": "^26.0.23",
      "@types/node": "^15.6.0",
      "@types/react": "^17.0.6",
      "@types/react-dom": "^17.0.5",
      "autoprefixer": "10.4.0",
      "postcss": "8.4.5",
      "tailwindcss": "3.0.5"
    }
  }

yarn manifest: 
  No manifest

Lockfile: 
  No lockfile
